<?xml version="1.0" encoding="UTF-8"?>
<!-- Generated by org.testng.reporters.JUnitXMLReporter -->
<testsuite hostname="WINDOWS-8JREQPE" ignored="0" name="test class02" tests="6" failures="0" timestamp="2020-05-26T19:52:49 EDT" time="104.807" errors="0">
  <testcase name="@BeforeMethod setUp" time="13.305" classname="com.utils.BaseClass">
    <failure type="org.openqa.selenium.SessionNotCreatedException" message="session not created
from chrome not reachable
  (Session info: chrome=81.0.4044.138)
Build info: version: &amp;apos;3.141.59&amp;apos;, revision: &amp;apos;e82be7d358&amp;apos;, time: &amp;apos;2018-11-14T08:25:48&amp;apos;
System info: host: &amp;apos;WINDOWS-8JREQPE&amp;apos;, ip: &amp;apos;192.168.1.102&amp;apos;, os.name: &amp;apos;Windows 10&amp;apos;, os.arch: &amp;apos;amd64&amp;apos;, os.version: &amp;apos;10.0&amp;apos;, java.version: &amp;apos;1.8.0_241&amp;apos;
Driver info: driver.version: ChromeDriver
remote stacktrace: Backtrace:
	Ordinal0 [0x00435F73+2449267]
	Ordinal0 [0x00368361+1606497]
	Ordinal0 [0x0025F812+522258]
	Ordinal0 [0x002595B2+497074]
	Ordinal0 [0x00259C9B+498843]
	Ordinal0 [0x0025ABF5+502773]
	Ordinal0 [0x00256724+485156]
	Ordinal0 [0x00260600+525824]
	Ordinal0 [0x0020CBB9+183225]
	Ordinal0 [0x0020BF2D+180013]
	Ordinal0 [0x00209E5B+171611]
	Ordinal0 [0x001F1DD8+73176]
	Ordinal0 [0x001F2E50+77392]
	Ordinal0 [0x001F2DE9+77289]
	Ordinal0 [0x0037D8D7+1693911]
	GetHandleVerifier [0x004D4036+522726]
	GetHandleVerifier [0x004D3D74+522020]
	GetHandleVerifier [0x004E9187+609079]
	GetHandleVerifier [0x004D48A6+524886]
	Ordinal0 [0x00375CBC+1662140]
	Ordinal0 [0x0037F23B+1700411]
	Ordinal0 [0x0037F3A3+1700771]
	Ordinal0 [0x00395215+1790485]
	BaseThreadInitThunk [0x75B66359+25]
	RtlGetAppContainerNamedObjectPath [0x77967C24+228]
	RtlGetAppContainerNamedObjectPath [0x77967BF4+180]
">
      <![CDATA[org.openqa.selenium.SessionNotCreatedException: session not created
from chrome not reachable
  (Session info: chrome=81.0.4044.138)
Build info: version: '3.141.59', revision: 'e82be7d358', time: '2018-11-14T08:25:48'
System info: host: 'WINDOWS-8JREQPE', ip: '192.168.1.102', os.name: 'Windows 10', os.arch: 'amd64', os.version: '10.0', java.version: '1.8.0_241'
Driver info: driver.version: ChromeDriver
remote stacktrace: Backtrace:
Ordinal0 [0x00435F73+2449267]
Ordinal0 [0x00368361+1606497]
Ordinal0 [0x0025F812+522258]
Ordinal0 [0x002595B2+497074]
Ordinal0 [0x00259C9B+498843]
Ordinal0 [0x0025ABF5+502773]
Ordinal0 [0x00256724+485156]
Ordinal0 [0x00260600+525824]
Ordinal0 [0x0020CBB9+183225]
Ordinal0 [0x0020BF2D+180013]
Ordinal0 [0x00209E5B+171611]
Ordinal0 [0x001F1DD8+73176]
Ordinal0 [0x001F2E50+77392]
Ordinal0 [0x001F2DE9+77289]
Ordinal0 [0x0037D8D7+1693911]
GetHandleVerifier [0x004D4036+522726]
GetHandleVerifier [0x004D3D74+522020]
GetHandleVerifier [0x004E9187+609079]
GetHandleVerifier [0x004D48A6+524886]
Ordinal0 [0x00375CBC+1662140]
Ordinal0 [0x0037F23B+1700411]
Ordinal0 [0x0037F3A3+1700771]
Ordinal0 [0x00395215+1790485]
BaseThreadInitThunk [0x75B66359+25]
RtlGetAppContainerNamedObjectPath [0x77967C24+228]
RtlGetAppContainerNamedObjectPath [0x77967BF4+180]

at org.openqa.selenium.remote.W3CHandshakeResponse.lambda$errorHandler$0(W3CHandshakeResponse.java:62)
at org.openqa.selenium.remote.HandshakeResponse.lambda$getResponseFunction$0(HandshakeResponse.java:30)
at org.openqa.selenium.remote.ProtocolHandshake.lambda$createSession$0(ProtocolHandshake.java:126)
at java.util.stream.ReferencePipeline$3$1.accept(Unknown Source)
at java.util.Spliterators$ArraySpliterator.tryAdvance(Unknown Source)
at java.util.stream.ReferencePipeline.forEachWithCancel(Unknown Source)
at java.util.stream.AbstractPipeline.copyIntoWithCancel(Unknown Source)
at java.util.stream.AbstractPipeline.copyInto(Unknown Source)
at java.util.stream.AbstractPipeline.wrapAndCopyInto(Unknown Source)
at java.util.stream.FindOps$FindOp.evaluateSequential(Unknown Source)
at java.util.stream.AbstractPipeline.evaluate(Unknown Source)
at java.util.stream.ReferencePipeline.findFirst(Unknown Source)
at org.openqa.selenium.remote.ProtocolHandshake.createSession(ProtocolHandshake.java:128)
at org.openqa.selenium.remote.ProtocolHandshake.createSession(ProtocolHandshake.java:74)
at org.openqa.selenium.remote.HttpCommandExecutor.execute(HttpCommandExecutor.java:136)
at org.openqa.selenium.remote.service.DriverCommandExecutor.execute(DriverCommandExecutor.java:83)
at org.openqa.selenium.remote.RemoteWebDriver.execute(RemoteWebDriver.java:552)
at org.openqa.selenium.remote.RemoteWebDriver.startSession(RemoteWebDriver.java:213)
at org.openqa.selenium.remote.RemoteWebDriver.<init>(RemoteWebDriver.java:131)
at org.openqa.selenium.chrome.ChromeDriver.<init>(ChromeDriver.java:181)
at org.openqa.selenium.chrome.ChromeDriver.<init>(ChromeDriver.java:168)
at org.openqa.selenium.chrome.ChromeDriver.<init>(ChromeDriver.java:123)
at com.utils.BaseClass.setUp(BaseClass.java:25)
at java.util.ArrayList.forEach(Unknown Source)
... Removed 35 stack frames]]>
    </failure>
  </testcase> <!-- @BeforeMethod setUp -->
  <testcase name="@BeforeMethod openAndNavigate" time="-1.590537107376E9" classname="com.class02.AssertionsDemo">
    <skipped/>
  </testcase> <!-- @BeforeMethod openAndNavigate -->
  <testcase name="@AfterMethod close" time="-1.59053710739E9" classname="com.class02.AssertionsDemo">
    <skipped/>
  </testcase> <!-- @AfterMethod close -->
  <testcase name="@AfterMethod tearDown" time="-1.590537107394E9" classname="com.utils.BaseClass">
    <skipped/>
  </testcase> <!-- @AfterMethod tearDown -->
  <testcase name="@BeforeMethod setUp" time="-1.590537107397E9" classname="com.utils.BaseClass">
    <skipped/>
  </testcase> <!-- @BeforeMethod setUp -->
  <testcase name="@BeforeMethod openAndNavigate" time="-1.590537107403E9" classname="com.class02.AssertionsDemo">
    <skipped/>
  </testcase> <!-- @BeforeMethod openAndNavigate -->
  <testcase name="@AfterMethod close" time="-1.590537107412E9" classname="com.class02.AssertionsDemo">
    <skipped/>
  </testcase> <!-- @AfterMethod close -->
  <testcase name="@AfterMethod tearDown" time="-1.590537107418E9" classname="com.utils.BaseClass">
    <skipped/>
  </testcase> <!-- @AfterMethod tearDown -->
  <testcase name="@BeforeMethod setUp" time="35.616" classname="com.utils.BaseClass">
    <failure type="org.openqa.selenium.WebDriverException" message="chrome not reachable
  (Session info: chrome=81.0.4044.138)
Build info: version: &amp;apos;3.141.59&amp;apos;, revision: &amp;apos;e82be7d358&amp;apos;, time: &amp;apos;2018-11-14T08:25:48&amp;apos;
System info: host: &amp;apos;WINDOWS-8JREQPE&amp;apos;, ip: &amp;apos;192.168.1.102&amp;apos;, os.name: &amp;apos;Windows 10&amp;apos;, os.arch: &amp;apos;amd64&amp;apos;, os.version: &amp;apos;10.0&amp;apos;, java.version: &amp;apos;1.8.0_241&amp;apos;
Driver info: org.openqa.selenium.chrome.ChromeDriver
Capabilities {acceptInsecureCerts: false, browserName: chrome, browserVersion: 81.0.4044.138, chrome: {chromedriverVersion: 81.0.4044.69 (6813546031a4b..., userDataDir: C:\Users\karap\AppData\Loca...}, goog:chromeOptions: {debuggerAddress: localhost:54680}, javascriptEnabled: true, networkConnectionEnabled: false, pageLoadStrategy: normal, platform: WINDOWS, platformName: WINDOWS, proxy: Proxy(), setWindowRect: true, strictFileInteractability: false, timeouts: {implicit: 0, pageLoad: 300000, script: 30000}, unhandledPromptBehavior: dismiss and notify, webauthn:virtualAuthenticators: true}
Session ID: 82c70909696376a5930d02cd9b586a8f">
      <![CDATA[org.openqa.selenium.WebDriverException: chrome not reachable
  (Session info: chrome=81.0.4044.138)
Build info: version: '3.141.59', revision: 'e82be7d358', time: '2018-11-14T08:25:48'
System info: host: 'WINDOWS-8JREQPE', ip: '192.168.1.102', os.name: 'Windows 10', os.arch: 'amd64', os.version: '10.0', java.version: '1.8.0_241'
Driver info: org.openqa.selenium.chrome.ChromeDriver
Capabilities {acceptInsecureCerts: false, browserName: chrome, browserVersion: 81.0.4044.138, chrome: {chromedriverVersion: 81.0.4044.69 (6813546031a4b..., userDataDir: C:\Users\karap\AppData\Loca...}, goog:chromeOptions: {debuggerAddress: localhost:54680}, javascriptEnabled: true, networkConnectionEnabled: false, pageLoadStrategy: normal, platform: WINDOWS, platformName: WINDOWS, proxy: Proxy(), setWindowRect: true, strictFileInteractability: false, timeouts: {implicit: 0, pageLoad: 300000, script: 30000}, unhandledPromptBehavior: dismiss and notify, webauthn:virtualAuthenticators: true}
Session ID: 82c70909696376a5930d02cd9b586a8f
at org.openqa.selenium.remote.http.W3CHttpResponseCodec.createException(W3CHttpResponseCodec.java:187)
at org.openqa.selenium.remote.http.W3CHttpResponseCodec.decode(W3CHttpResponseCodec.java:122)
at org.openqa.selenium.remote.http.W3CHttpResponseCodec.decode(W3CHttpResponseCodec.java:49)
at org.openqa.selenium.remote.HttpCommandExecutor.execute(HttpCommandExecutor.java:158)
at org.openqa.selenium.remote.service.DriverCommandExecutor.execute(DriverCommandExecutor.java:83)
at org.openqa.selenium.remote.RemoteWebDriver.execute(RemoteWebDriver.java:552)
at org.openqa.selenium.remote.RemoteWebDriver.get(RemoteWebDriver.java:277)
at com.utils.BaseClass.setUp(BaseClass.java:38)
at java.util.ArrayList.forEach(Unknown Source)
... Removed 35 stack frames]]>
    </failure>
  </testcase> <!-- @BeforeMethod setUp -->
  <testcase name="@BeforeMethod open" time="-1.590537143043E9" classname="com.class02.HrmsAddEmployee">
    <skipped/>
  </testcase> <!-- @BeforeMethod open -->
  <testcase name="@AfterMethod close" time="-1.590537143047E9" classname="com.class02.HrmsAddEmployee">
    <skipped/>
  </testcase> <!-- @AfterMethod close -->
  <testcase name="@AfterMethod tearDown" time="-1.590537143048E9" classname="com.utils.BaseClass">
    <skipped/>
  </testcase> <!-- @AfterMethod tearDown -->
  <testcase name="@BeforeMethod setUp" time="13.427" classname="com.utils.BaseClass">
    <failure type="org.openqa.selenium.SessionNotCreatedException" message="session not created
from chrome not reachable
  (Session info: chrome=81.0.4044.138)
Build info: version: &amp;apos;3.141.59&amp;apos;, revision: &amp;apos;e82be7d358&amp;apos;, time: &amp;apos;2018-11-14T08:25:48&amp;apos;
System info: host: &amp;apos;WINDOWS-8JREQPE&amp;apos;, ip: &amp;apos;192.168.1.102&amp;apos;, os.name: &amp;apos;Windows 10&amp;apos;, os.arch: &amp;apos;amd64&amp;apos;, os.version: &amp;apos;10.0&amp;apos;, java.version: &amp;apos;1.8.0_241&amp;apos;
Driver info: driver.version: ChromeDriver
remote stacktrace: Backtrace:
	Ordinal0 [0x00435F73+2449267]
	Ordinal0 [0x00368361+1606497]
	Ordinal0 [0x0025F812+522258]
	Ordinal0 [0x002595B2+497074]
	Ordinal0 [0x00259C9B+498843]
	Ordinal0 [0x0025ABF5+502773]
	Ordinal0 [0x00256724+485156]
	Ordinal0 [0x00260600+525824]
	Ordinal0 [0x0020CBB9+183225]
	Ordinal0 [0x0020BF2D+180013]
	Ordinal0 [0x00209E5B+171611]
	Ordinal0 [0x001F1DD8+73176]
	Ordinal0 [0x001F2E50+77392]
	Ordinal0 [0x001F2DE9+77289]
	Ordinal0 [0x0037D8D7+1693911]
	GetHandleVerifier [0x004D4036+522726]
	GetHandleVerifier [0x004D3D74+522020]
	GetHandleVerifier [0x004E9187+609079]
	GetHandleVerifier [0x004D48A6+524886]
	Ordinal0 [0x00375CBC+1662140]
	Ordinal0 [0x0037F23B+1700411]
	Ordinal0 [0x0037F3A3+1700771]
	Ordinal0 [0x00395215+1790485]
	BaseThreadInitThunk [0x75B66359+25]
	RtlGetAppContainerNamedObjectPath [0x77967C24+228]
	RtlGetAppContainerNamedObjectPath [0x77967BF4+180]
">
      <![CDATA[org.openqa.selenium.SessionNotCreatedException: session not created
from chrome not reachable
  (Session info: chrome=81.0.4044.138)
Build info: version: '3.141.59', revision: 'e82be7d358', time: '2018-11-14T08:25:48'
System info: host: 'WINDOWS-8JREQPE', ip: '192.168.1.102', os.name: 'Windows 10', os.arch: 'amd64', os.version: '10.0', java.version: '1.8.0_241'
Driver info: driver.version: ChromeDriver
remote stacktrace: Backtrace:
Ordinal0 [0x00435F73+2449267]
Ordinal0 [0x00368361+1606497]
Ordinal0 [0x0025F812+522258]
Ordinal0 [0x002595B2+497074]
Ordinal0 [0x00259C9B+498843]
Ordinal0 [0x0025ABF5+502773]
Ordinal0 [0x00256724+485156]
Ordinal0 [0x00260600+525824]
Ordinal0 [0x0020CBB9+183225]
Ordinal0 [0x0020BF2D+180013]
Ordinal0 [0x00209E5B+171611]
Ordinal0 [0x001F1DD8+73176]
Ordinal0 [0x001F2E50+77392]
Ordinal0 [0x001F2DE9+77289]
Ordinal0 [0x0037D8D7+1693911]
GetHandleVerifier [0x004D4036+522726]
GetHandleVerifier [0x004D3D74+522020]
GetHandleVerifier [0x004E9187+609079]
GetHandleVerifier [0x004D48A6+524886]
Ordinal0 [0x00375CBC+1662140]
Ordinal0 [0x0037F23B+1700411]
Ordinal0 [0x0037F3A3+1700771]
Ordinal0 [0x00395215+1790485]
BaseThreadInitThunk [0x75B66359+25]
RtlGetAppContainerNamedObjectPath [0x77967C24+228]
RtlGetAppContainerNamedObjectPath [0x77967BF4+180]

at org.openqa.selenium.remote.W3CHandshakeResponse.lambda$errorHandler$0(W3CHandshakeResponse.java:62)
at org.openqa.selenium.remote.HandshakeResponse.lambda$getResponseFunction$0(HandshakeResponse.java:30)
at org.openqa.selenium.remote.ProtocolHandshake.lambda$createSession$0(ProtocolHandshake.java:126)
at java.util.stream.ReferencePipeline$3$1.accept(Unknown Source)
at java.util.Spliterators$ArraySpliterator.tryAdvance(Unknown Source)
at java.util.stream.ReferencePipeline.forEachWithCancel(Unknown Source)
at java.util.stream.AbstractPipeline.copyIntoWithCancel(Unknown Source)
at java.util.stream.AbstractPipeline.copyInto(Unknown Source)
at java.util.stream.AbstractPipeline.wrapAndCopyInto(Unknown Source)
at java.util.stream.FindOps$FindOp.evaluateSequential(Unknown Source)
at java.util.stream.AbstractPipeline.evaluate(Unknown Source)
at java.util.stream.ReferencePipeline.findFirst(Unknown Source)
at org.openqa.selenium.remote.ProtocolHandshake.createSession(ProtocolHandshake.java:128)
at org.openqa.selenium.remote.ProtocolHandshake.createSession(ProtocolHandshake.java:74)
at org.openqa.selenium.remote.HttpCommandExecutor.execute(HttpCommandExecutor.java:136)
at org.openqa.selenium.remote.service.DriverCommandExecutor.execute(DriverCommandExecutor.java:83)
at org.openqa.selenium.remote.RemoteWebDriver.execute(RemoteWebDriver.java:552)
at org.openqa.selenium.remote.RemoteWebDriver.startSession(RemoteWebDriver.java:213)
at org.openqa.selenium.remote.RemoteWebDriver.<init>(RemoteWebDriver.java:131)
at org.openqa.selenium.chrome.ChromeDriver.<init>(ChromeDriver.java:181)
at org.openqa.selenium.chrome.ChromeDriver.<init>(ChromeDriver.java:168)
at org.openqa.selenium.chrome.ChromeDriver.<init>(ChromeDriver.java:123)
at com.utils.BaseClass.setUp(BaseClass.java:25)
at java.util.ArrayList.forEach(Unknown Source)
... Removed 35 stack frames]]>
    </failure>
  </testcase> <!-- @BeforeMethod setUp -->
  <testcase name="@BeforeMethod open" time="-1.590537156478E9" classname="com.class02.RecruitmentTask">
    <skipped/>
  </testcase> <!-- @BeforeMethod open -->
  <testcase name="@AfterMethod close" time="-1.590537156483E9" classname="com.class02.RecruitmentTask">
    <skipped/>
  </testcase> <!-- @AfterMethod close -->
  <testcase name="@AfterMethod tearDown" time="-1.590537156485E9" classname="com.utils.BaseClass">
    <skipped/>
  </testcase> <!-- @AfterMethod tearDown -->
  <testcase name="@BeforeMethod setUp" time="13.247" classname="com.utils.BaseClass">
    <failure type="org.openqa.selenium.SessionNotCreatedException" message="session not created
from chrome not reachable
  (Session info: chrome=81.0.4044.138)
Build info: version: &amp;apos;3.141.59&amp;apos;, revision: &amp;apos;e82be7d358&amp;apos;, time: &amp;apos;2018-11-14T08:25:48&amp;apos;
System info: host: &amp;apos;WINDOWS-8JREQPE&amp;apos;, ip: &amp;apos;192.168.1.102&amp;apos;, os.name: &amp;apos;Windows 10&amp;apos;, os.arch: &amp;apos;amd64&amp;apos;, os.version: &amp;apos;10.0&amp;apos;, java.version: &amp;apos;1.8.0_241&amp;apos;
Driver info: driver.version: ChromeDriver
remote stacktrace: Backtrace:
	Ordinal0 [0x00435F73+2449267]
	Ordinal0 [0x00368361+1606497]
	Ordinal0 [0x0025F812+522258]
	Ordinal0 [0x002595B2+497074]
	Ordinal0 [0x00259C9B+498843]
	Ordinal0 [0x0025ABF5+502773]
	Ordinal0 [0x00256724+485156]
	Ordinal0 [0x00260600+525824]
	Ordinal0 [0x0020CBB9+183225]
	Ordinal0 [0x0020BF2D+180013]
	Ordinal0 [0x00209E5B+171611]
	Ordinal0 [0x001F1DD8+73176]
	Ordinal0 [0x001F2E50+77392]
	Ordinal0 [0x001F2DE9+77289]
	Ordinal0 [0x0037D8D7+1693911]
	GetHandleVerifier [0x004D4036+522726]
	GetHandleVerifier [0x004D3D74+522020]
	GetHandleVerifier [0x004E9187+609079]
	GetHandleVerifier [0x004D48A6+524886]
	Ordinal0 [0x00375CBC+1662140]
	Ordinal0 [0x0037F23B+1700411]
	Ordinal0 [0x0037F3A3+1700771]
	Ordinal0 [0x00395215+1790485]
	BaseThreadInitThunk [0x75B66359+25]
	RtlGetAppContainerNamedObjectPath [0x77967C24+228]
	RtlGetAppContainerNamedObjectPath [0x77967BF4+180]
">
      <![CDATA[org.openqa.selenium.SessionNotCreatedException: session not created
from chrome not reachable
  (Session info: chrome=81.0.4044.138)
Build info: version: '3.141.59', revision: 'e82be7d358', time: '2018-11-14T08:25:48'
System info: host: 'WINDOWS-8JREQPE', ip: '192.168.1.102', os.name: 'Windows 10', os.arch: 'amd64', os.version: '10.0', java.version: '1.8.0_241'
Driver info: driver.version: ChromeDriver
remote stacktrace: Backtrace:
Ordinal0 [0x00435F73+2449267]
Ordinal0 [0x00368361+1606497]
Ordinal0 [0x0025F812+522258]
Ordinal0 [0x002595B2+497074]
Ordinal0 [0x00259C9B+498843]
Ordinal0 [0x0025ABF5+502773]
Ordinal0 [0x00256724+485156]
Ordinal0 [0x00260600+525824]
Ordinal0 [0x0020CBB9+183225]
Ordinal0 [0x0020BF2D+180013]
Ordinal0 [0x00209E5B+171611]
Ordinal0 [0x001F1DD8+73176]
Ordinal0 [0x001F2E50+77392]
Ordinal0 [0x001F2DE9+77289]
Ordinal0 [0x0037D8D7+1693911]
GetHandleVerifier [0x004D4036+522726]
GetHandleVerifier [0x004D3D74+522020]
GetHandleVerifier [0x004E9187+609079]
GetHandleVerifier [0x004D48A6+524886]
Ordinal0 [0x00375CBC+1662140]
Ordinal0 [0x0037F23B+1700411]
Ordinal0 [0x0037F3A3+1700771]
Ordinal0 [0x00395215+1790485]
BaseThreadInitThunk [0x75B66359+25]
RtlGetAppContainerNamedObjectPath [0x77967C24+228]
RtlGetAppContainerNamedObjectPath [0x77967BF4+180]

at org.openqa.selenium.remote.W3CHandshakeResponse.lambda$errorHandler$0(W3CHandshakeResponse.java:62)
at org.openqa.selenium.remote.HandshakeResponse.lambda$getResponseFunction$0(HandshakeResponse.java:30)
at org.openqa.selenium.remote.ProtocolHandshake.lambda$createSession$0(ProtocolHandshake.java:126)
at java.util.stream.ReferencePipeline$3$1.accept(Unknown Source)
at java.util.Spliterators$ArraySpliterator.tryAdvance(Unknown Source)
at java.util.stream.ReferencePipeline.forEachWithCancel(Unknown Source)
at java.util.stream.AbstractPipeline.copyIntoWithCancel(Unknown Source)
at java.util.stream.AbstractPipeline.copyInto(Unknown Source)
at java.util.stream.AbstractPipeline.wrapAndCopyInto(Unknown Source)
at java.util.stream.FindOps$FindOp.evaluateSequential(Unknown Source)
at java.util.stream.AbstractPipeline.evaluate(Unknown Source)
at java.util.stream.ReferencePipeline.findFirst(Unknown Source)
at org.openqa.selenium.remote.ProtocolHandshake.createSession(ProtocolHandshake.java:128)
at org.openqa.selenium.remote.ProtocolHandshake.createSession(ProtocolHandshake.java:74)
at org.openqa.selenium.remote.HttpCommandExecutor.execute(HttpCommandExecutor.java:136)
at org.openqa.selenium.remote.service.DriverCommandExecutor.execute(DriverCommandExecutor.java:83)
at org.openqa.selenium.remote.RemoteWebDriver.execute(RemoteWebDriver.java:552)
at org.openqa.selenium.remote.RemoteWebDriver.startSession(RemoteWebDriver.java:213)
at org.openqa.selenium.remote.RemoteWebDriver.<init>(RemoteWebDriver.java:131)
at org.openqa.selenium.chrome.ChromeDriver.<init>(ChromeDriver.java:181)
at org.openqa.selenium.chrome.ChromeDriver.<init>(ChromeDriver.java:168)
at org.openqa.selenium.chrome.ChromeDriver.<init>(ChromeDriver.java:123)
at com.utils.BaseClass.setUp(BaseClass.java:25)
at java.util.ArrayList.forEach(Unknown Source)
... Removed 35 stack frames]]>
    </failure>
  </testcase> <!-- @BeforeMethod setUp -->
  <testcase name="@BeforeMethod open" time="-1.590537169739E9" classname="com.class02.SoftAssertionDemo">
    <skipped/>
  </testcase> <!-- @BeforeMethod open -->
  <testcase name="@AfterMethod close" time="-1.590537169747E9" classname="com.class02.SoftAssertionDemo">
    <skipped/>
  </testcase> <!-- @AfterMethod close -->
  <testcase name="@AfterMethod tearDown" time="-1.590537169749E9" classname="com.utils.BaseClass">
    <skipped/>
  </testcase> <!-- @AfterMethod tearDown -->
  <testcase name="loginAndValidate" time="4.872" classname="com.class02.AssertionsDemo"/>
  <testcase name="titleValidation" time="0.0" classname="com.class02.AssertionsDemo">
    <skipped/>
  </testcase> <!-- titleValidation -->
  <testcase name="logoValidation" time="0.0" classname="com.class02.AssertionsDemo">
    <skipped/>
  </testcase> <!-- logoValidation -->
  <testcase name="AddEmployee" time="0.0" classname="com.class02.HrmsAddEmployee">
    <skipped/>
  </testcase> <!-- AddEmployee -->
  <testcase name="addCandidates" time="0.0" classname="com.class02.RecruitmentTask">
    <skipped/>
  </testcase> <!-- addCandidates -->
  <testcase name="logoAndLogin" time="0.0" classname="com.class02.SoftAssertionDemo">
    <skipped/>
  </testcase> <!-- logoAndLogin -->
</testsuite> <!-- test class02 -->
